INFO 2025-03-04 15:32:28,529 autoreload 23520 3216 Watching for file changes with StatReloader
ERROR 2025-03-04 15:32:36,703 log 23520 21808 Internal Server Error: /
Traceback (most recent call last):
  File "C:\Users\de\Desktop\spicy\myenv\Lib\site-packages\django\urls\base.py", line 71, in reverse
    extra, resolver = resolver.namespace_dict[ns]
                      ~~~~~~~~~~~~~~~~~~~~~~~^^^^
KeyError: 'django_browser_reload'

During handling of the above exception, another exception occurred:

Traceback (most recent call last):
  File "C:\Users\de\Desktop\spicy\myenv\Lib\site-packages\django\core\handlers\exception.py", line 55, in inner
    response = get_response(request)
               ^^^^^^^^^^^^^^^^^^^^^
  File "C:\Users\de\Desktop\spicy\myenv\Lib\site-packages\django_browser_reload\middleware.py", line 51, in __call__
    self.maybe_inject(response)
  File "C:\Users\de\Desktop\spicy\myenv\Lib\site-packages\django_browser_reload\middleware.py", line 83, in maybe_inject
    response.content = head + django_browser_reload_script() + tag + tail
                              ^^^^^^^^^^^^^^^^^^^^^^^^^^^^^^
  File "C:\Users\de\Desktop\spicy\myenv\Lib\site-packages\django_browser_reload\jinja.py", line 21, in django_browser_reload_script
    reverse("django_browser_reload:events"),
    ^^^^^^^^^^^^^^^^^^^^^^^^^^^^^^^^^^^^^^^
  File "C:\Users\de\Desktop\spicy\myenv\Lib\site-packages\django\urls\base.py", line 82, in reverse
    raise NoReverseMatch("%s is not a registered namespace" % key)
django.urls.exceptions.NoReverseMatch: 'django_browser_reload' is not a registered namespace
ERROR 2025-03-04 15:32:36,706 basehttp 23520 21808 "GET / HTTP/1.1" 500 109901
ERROR 2025-03-04 15:32:36,856 log 23520 21808 Internal Server Error: /favicon.ico
Traceback (most recent call last):
  File "C:\Users\de\Desktop\spicy\myenv\Lib\site-packages\django\urls\base.py", line 71, in reverse
    extra, resolver = resolver.namespace_dict[ns]
                      ~~~~~~~~~~~~~~~~~~~~~~~^^^^
KeyError: 'django_browser_reload'

During handling of the above exception, another exception occurred:

Traceback (most recent call last):
  File "C:\Users\de\Desktop\spicy\myenv\Lib\site-packages\django\core\handlers\exception.py", line 55, in inner
    response = get_response(request)
               ^^^^^^^^^^^^^^^^^^^^^
  File "C:\Users\de\Desktop\spicy\myenv\Lib\site-packages\django_browser_reload\middleware.py", line 51, in __call__
    self.maybe_inject(response)
  File "C:\Users\de\Desktop\spicy\myenv\Lib\site-packages\django_browser_reload\middleware.py", line 83, in maybe_inject
    response.content = head + django_browser_reload_script() + tag + tail
                              ^^^^^^^^^^^^^^^^^^^^^^^^^^^^^^
  File "C:\Users\de\Desktop\spicy\myenv\Lib\site-packages\django_browser_reload\jinja.py", line 21, in django_browser_reload_script
    reverse("django_browser_reload:events"),
    ^^^^^^^^^^^^^^^^^^^^^^^^^^^^^^^^^^^^^^^
  File "C:\Users\de\Desktop\spicy\myenv\Lib\site-packages\django\urls\base.py", line 82, in reverse
    raise NoReverseMatch("%s is not a registered namespace" % key)
django.urls.exceptions.NoReverseMatch: 'django_browser_reload' is not a registered namespace
ERROR 2025-03-04 15:32:36,860 basehttp 23520 21808 "GET /favicon.ico HTTP/1.1" 500 110129
INFO 2025-03-04 15:33:54,536 autoreload 23520 3216 C:\Users\de\Desktop\spicy\foodrunner\urls.py changed, reloading.
INFO 2025-03-04 15:33:55,297 autoreload 10600 16404 Watching for file changes with StatReloader
INFO 2025-03-04 15:34:01,695 autoreload 10600 16404 C:\Users\de\Desktop\spicy\foodrunner\urls.py changed, reloading.
INFO 2025-03-04 15:34:02,315 autoreload 37320 4396 Watching for file changes with StatReloader
INFO 2025-03-04 15:34:07,913 basehttp 37320 9408 "GET / HTTP/1.1" 200 16241
INFO 2025-03-04 15:34:08,105 basehttp 37320 35816 "GET /static/django-browser-reload/reload-listener.js HTTP/1.1" 200 623
INFO 2025-03-04 15:34:08,108 basehttp 37320 9408 "GET /static/js/main.js HTTP/1.1" 200 934
INFO 2025-03-04 15:34:08,407 basehttp 37320 17136 "GET /media/restaurant_banners/download.png HTTP/1.1" 200 16883
INFO 2025-03-04 15:34:08,413 basehttp 37320 9408 "GET /media/restaurant_banners/istockphoto-857927726-612x612.jpg HTTP/1.1" 200 59456
WARNING 2025-03-04 15:34:08,425 basehttp 37320 35816 "GET /static/images/hero-food.png HTTP/1.1" 404 1920
WARNING 2025-03-04 15:34:08,428 basehttp 37320 4048 "GET /static/images/customer3.jpg HTTP/1.1" 404 1920
WARNING 2025-03-04 15:34:08,431 basehttp 37320 33400 "GET /static/images/logo.png HTTP/1.1" 404 1905
WARNING 2025-03-04 15:34:08,432 basehttp 37320 23088 "GET /static/images/app-mockup.png HTTP/1.1" 404 1923
WARNING 2025-03-04 15:34:08,434 basehttp 37320 17136 "GET /static/images/customer1.jpg HTTP/1.1" 404 1920
WARNING 2025-03-04 15:34:08,434 basehttp 37320 9408 "GET /static/images/customer2.jpg HTTP/1.1" 404 1920
WARNING 2025-03-04 15:34:08,604 basehttp 37320 22332 "GET /static/images/logo.png HTTP/1.1" 404 1905
WARNING 2025-03-04 15:34:08,605 basehttp 37320 19788 "GET /static/images/hero-food.png HTTP/1.1" 404 1920
WARNING 2025-03-04 15:34:08,606 basehttp 37320 5880 "GET /static/images/app-mockup.png HTTP/1.1" 404 1923
WARNING 2025-03-04 15:34:08,607 basehttp 37320 33204 "GET /static/images/customer2.jpg HTTP/1.1" 404 1920
WARNING 2025-03-04 15:34:08,608 basehttp 37320 11416 "GET /static/images/customer1.jpg HTTP/1.1" 404 1920
WARNING 2025-03-04 15:34:08,609 basehttp 37320 18752 "GET /static/images/customer3.jpg HTTP/1.1" 404 1920
INFO 2025-03-04 15:34:08,823 basehttp 37320 19960 "GET /static/django-browser-reload/reload-worker.js HTTP/1.1" 200 2711
INFO 2025-03-04 15:34:42,474 basehttp 37320 32712 "GET /customer/restaurants/ HTTP/1.1" 302 0
INFO 2025-03-04 15:34:42,487 basehttp 37320 32712 "GET /login/?next=/customer/restaurants/ HTTP/1.1" 200 7081
WARNING 2025-03-04 15:34:42,532 basehttp 37320 32712 "GET /static/images/logo.png HTTP/1.1" 404 1905
WARNING 2025-03-04 15:34:42,593 basehttp 37320 25560 "GET /static/images/logo.png HTTP/1.1" 404 1905
WARNING 2025-03-04 15:34:42,740 log 37320 35528 Not Found: /favicon.ico
WARNING 2025-03-04 15:34:42,740 basehttp 37320 35528 "GET /favicon.ico HTTP/1.1" 404 3714
INFO 2025-03-04 15:37:14,024 basehttp 37320 26348 "POST /login/?next=/customer/restaurants/ HTTP/1.1" 200 7378
WARNING 2025-03-04 15:37:14,125 basehttp 37320 26348 "GET /static/images/logo.png HTTP/1.1" 404 1905
WARNING 2025-03-04 15:37:14,189 basehttp 37320 28072 "GET /static/images/logo.png HTTP/1.1" 404 1905
INFO 2025-03-04 15:37:28,203 basehttp 37320 25388 "POST /login/?next=/customer/restaurants/ HTTP/1.1" 302 0
INFO 2025-03-04 15:37:28,254 basehttp 37320 25388 "GET /restaurant/dashboard/ HTTP/1.1" 200 21314
WARNING 2025-03-04 15:37:28,341 basehttp 37320 25388 "GET /static/images/logo.png HTTP/1.1" 404 1905
WARNING 2025-03-04 15:37:28,407 basehttp 37320 20448 "GET /static/images/logo.png HTTP/1.1" 404 1905
INFO 2025-03-04 15:37:42,556 basehttp 37320 20100 "GET /restaurant/menu/add/ HTTP/1.1" 200 11201
WARNING 2025-03-04 15:37:42,598 basehttp 37320 20100 "GET /static/images/logo.png HTTP/1.1" 404 1905
WARNING 2025-03-04 15:37:42,649 basehttp 37320 12216 "GET /static/images/logo.png HTTP/1.1" 404 1905
INFO 2025-03-04 15:38:00,842 basehttp 37320 36668 "GET /restaurant/settings/ HTTP/1.1" 200 17379
INFO 2025-03-04 15:38:00,870 basehttp 37320 25796 "GET /media/restaurant_logos/a_4Z6emzZ.webp HTTP/1.1" 200 16758
WARNING 2025-03-04 15:38:00,874 basehttp 37320 36668 "GET /static/images/logo.png HTTP/1.1" 404 1905
WARNING 2025-03-04 15:38:00,922 basehttp 37320 25796 "GET /static/images/logo.png HTTP/1.1" 404 1905
INFO 2025-03-04 15:39:03,379 basehttp 37320 30976 "GET /logout/ HTTP/1.1" 302 0
INFO 2025-03-04 15:39:03,387 basehttp 37320 28992 "GET / HTTP/1.1" 200 16537
WARNING 2025-03-04 15:39:03,488 basehttp 37320 29588 "GET /static/images/customer1.jpg HTTP/1.1" 404 1920
WARNING 2025-03-04 15:39:03,489 basehttp 37320 28992 "GET /static/images/logo.png HTTP/1.1" 404 1905
WARNING 2025-03-04 15:39:03,489 basehttp 37320 6832 "GET /static/images/customer2.jpg HTTP/1.1" 404 1920
WARNING 2025-03-04 15:39:03,490 basehttp 37320 30976 "GET /static/images/hero-food.png HTTP/1.1" 404 1920
WARNING 2025-03-04 15:39:03,491 basehttp 37320 32504 "GET /static/images/app-mockup.png HTTP/1.1" 404 1923
WARNING 2025-03-04 15:39:03,588 basehttp 37320 17524 "GET /static/images/customer3.jpg HTTP/1.1" 404 1920
WARNING 2025-03-04 15:39:03,777 basehttp 37320 16752 "GET /static/images/customer2.jpg HTTP/1.1" 404 1920
WARNING 2025-03-04 15:39:03,779 basehttp 37320 26864 "GET /static/images/app-mockup.png HTTP/1.1" 404 1923
WARNING 2025-03-04 15:39:03,785 basehttp 37320 22060 "GET /static/images/hero-food.png HTTP/1.1" 404 1920
WARNING 2025-03-04 15:39:03,785 basehttp 37320 12192 "GET /static/images/logo.png HTTP/1.1" 404 1905
WARNING 2025-03-04 15:39:03,785 basehttp 37320 25152 "GET /static/images/customer1.jpg HTTP/1.1" 404 1920
WARNING 2025-03-04 15:39:03,791 basehttp 37320 2192 "GET /static/images/customer3.jpg HTTP/1.1" 404 1920
INFO 2025-03-04 15:39:05,844 basehttp 37320 28192 "GET /register/ HTTP/1.1" 200 8570
WARNING 2025-03-04 15:39:05,885 basehttp 37320 28192 "GET /static/images/logo.png HTTP/1.1" 404 1905
WARNING 2025-03-04 15:39:05,923 basehttp 37320 19548 "GET /static/images/logo.png HTTP/1.1" 404 1905
INFO 2025-03-04 15:40:33,137 basehttp 37320 34744 "POST /register/ HTTP/1.1" 302 0
INFO 2025-03-04 15:40:33,194 basehttp 37320 34744 "GET /restaurant/dashboard/ HTTP/1.1" 302 0
INFO 2025-03-04 15:40:33,211 basehttp 37320 34744 "GET /restaurant/settings/ HTTP/1.1" 200 16491
WARNING 2025-03-04 15:40:33,266 basehttp 37320 34744 "GET /static/images/logo.png HTTP/1.1" 404 1905
WARNING 2025-03-04 15:40:33,301 basehttp 37320 21260 "GET /static/images/logo.png HTTP/1.1" 404 1905
INFO 2025-03-04 15:42:02,440 basehttp 37320 23280 "POST /restaurant/settings/ HTTP/1.1" 302 0
INFO 2025-03-04 15:42:02,457 basehttp 37320 23280 "GET /restaurant/dashboard/ HTTP/1.1" 200 11549
WARNING 2025-03-04 15:42:02,479 basehttp 37320 23280 "GET /static/images/logo.png HTTP/1.1" 404 1905
WARNING 2025-03-04 15:42:02,522 basehttp 37320 10072 "GET /static/images/logo.png HTTP/1.1" 404 1905
INFO 2025-03-04 15:42:10,868 basehttp 37320 36560 "GET / HTTP/1.1" 200 18859
WARNING 2025-03-04 15:42:10,910 basehttp 37320 36560 "GET /static/images/logo.png HTTP/1.1" 404 1905
INFO 2025-03-04 15:42:10,912 basehttp 37320 21796 "GET /media/restaurant_banners/istockphoto-1428412216-612x612.jpg HTTP/1.1" 200 25034
WARNING 2025-03-04 15:42:10,915 basehttp 37320 8340 "GET /static/images/hero-food.png HTTP/1.1" 404 1920
WARNING 2025-03-04 15:42:10,920 basehttp 37320 9916 "GET /static/images/app-mockup.png HTTP/1.1" 404 1923
WARNING 2025-03-04 15:42:10,922 basehttp 37320 7092 "GET /static/images/customer1.jpg HTTP/1.1" 404 1920
WARNING 2025-03-04 15:42:10,932 basehttp 37320 21796 "GET /static/images/customer2.jpg HTTP/1.1" 404 1920
WARNING 2025-03-04 15:42:10,932 basehttp 37320 25944 "GET /static/images/customer3.jpg HTTP/1.1" 404 1920
INFO 2025-03-04 15:42:18,828 basehttp 37320 27580 "GET /customer/restaurants/ HTTP/1.1" 200 14850
INFO 2025-03-04 15:42:18,853 basehttp 37320 37476 "GET /media/restaurant_logos/download.png HTTP/1.1" 200 16883
WARNING 2025-03-04 15:42:18,854 basehttp 37320 27580 "GET /static/images/logo.png HTTP/1.1" 404 1905
INFO 2025-03-04 15:42:18,866 basehttp 37320 25472 "GET /media/restaurant_logos/istockphoto-944478708-612x612.jpg HTTP/1.1" 200 49815
INFO 2025-03-04 15:42:18,878 basehttp 37320 25472 "GET /media/restaurant_banners/istockphoto-1428412216-612x612.jpg HTTP/1.1" 304 0
WARNING 2025-03-04 15:42:18,886 basehttp 37320 25472 "GET /static/images/logo.png HTTP/1.1" 404 1905
INFO 2025-03-04 15:42:23,653 basehttp 37320 37476 "GET /customer/restaurants/3/ HTTP/1.1" 200 8370
WARNING 2025-03-04 15:42:23,677 basehttp 37320 37476 "GET /static/images/logo.png HTTP/1.1" 404 1905
INFO 2025-03-04 15:42:23,701 basehttp 37320 37556 "GET /media/restaurant_banners/istockphoto-1428412216-612x612.jpg HTTP/1.1" 304 0
INFO 2025-03-04 15:42:23,701 basehttp 37320 7652 "GET /media/restaurant_logos/istockphoto-944478708-612x612.jpg HTTP/1.1" 304 0
WARNING 2025-03-04 15:42:23,709 basehttp 37320 37556 "GET /static/images/logo.png HTTP/1.1" 404 1905
INFO 2025-03-04 15:47:01,209 autoreload 37320 4396 C:\Users\de\Desktop\spicy\foodrunner\settings.py changed, reloading.
INFO 2025-03-04 15:47:02,325 autoreload 31360 21060 Watching for file changes with StatReloader
INFO 2025-03-04 15:47:04,199 basehttp 31360 23040 "GET /customer/restaurants/3/ HTTP/1.1" 200 8370
WARNING 2025-03-04 15:47:04,233 basehttp 31360 23040 "GET /static/images/logo.png HTTP/1.1" 404 1905
INFO 2025-03-04 15:47:04,282 basehttp 31360 30116 "GET /media/restaurant_banners/istockphoto-1428412216-612x612.jpg HTTP/1.1" 304 0
INFO 2025-03-04 15:47:04,282 basehttp 31360 30396 "GET /media/restaurant_logos/istockphoto-944478708-612x612.jpg HTTP/1.1" 304 0
WARNING 2025-03-04 15:47:04,296 basehttp 31360 30116 "GET /static/images/logo.png HTTP/1.1" 404 1905
INFO 2025-03-04 17:10:29,338 autoreload 30008 21192 Watching for file changes with StatReloader
INFO 2025-03-04 17:10:35,604 basehttp 30008 37876 "GET / HTTP/1.1" 200 17561
WARNING 2025-03-04 17:10:35,812 basehttp 30008 12060 "GET /static/images/hero-food.png HTTP/1.1" 404 1920
WARNING 2025-03-04 17:10:35,895 basehttp 30008 38000 "GET /static/images/app-mockup.png HTTP/1.1" 404 1923
INFO 2025-03-04 17:10:36,012 basehttp 30008 37876 "GET /static/images/logo.png HTTP/1.1" 200 31612
INFO 2025-03-04 17:10:36,184 basehttp 30008 32844 "GET /media/restaurant_banners/istockphoto-1428412216-612x612.jpg HTTP/1.1" 200 25034
INFO 2025-03-04 17:10:36,207 basehttp 30008 28640 "GET /media/restaurant_banners/download.png HTTP/1.1" 200 16883
INFO 2025-03-04 17:10:36,216 basehttp 30008 32472 "GET /static/django-browser-reload/reload-listener.js HTTP/1.1" 200 623
WARNING 2025-03-04 17:10:36,245 basehttp 30008 32844 "GET /static/images/customer2.jpg HTTP/1.1" 404 1920
INFO 2025-03-04 17:10:36,218 basehttp 30008 8876 "GET /media/restaurant_banners/istockphoto-857927726-612x612.jpg HTTP/1.1" 200 59456
WARNING 2025-03-04 17:10:36,253 basehttp 30008 37876 "GET /static/images/customer1.jpg HTTP/1.1" 404 1920
INFO 2025-03-04 17:10:36,255 basehttp 30008 29432 "GET /static/js/main.js HTTP/1.1" 200 934
WARNING 2025-03-04 17:10:36,293 basehttp 30008 8876 "GET /static/images/customer3.jpg HTTP/1.1" 404 1920
WARNING 2025-03-04 17:10:36,684 basehttp 30008 29432 "GET /static/images/app-mockup.png HTTP/1.1" 404 1923
WARNING 2025-03-04 17:10:36,698 basehttp 30008 32472 "GET /static/images/customer1.jpg HTTP/1.1" 404 1920
WARNING 2025-03-04 17:10:36,705 basehttp 30008 28640 "GET /static/images/hero-food.png HTTP/1.1" 404 1920
WARNING 2025-03-04 17:10:36,816 basehttp 30008 38752 "GET /static/images/customer2.jpg HTTP/1.1" 404 1920
WARNING 2025-03-04 17:10:36,887 basehttp 30008 15300 "GET /static/images/customer3.jpg HTTP/1.1" 404 1920
INFO 2025-03-04 17:10:37,224 basehttp 30008 35984 "GET /static/django-browser-reload/reload-worker.js HTTP/1.1" 200 2711
WARNING 2025-03-04 17:10:37,462 log 30008 18588 Not Found: /favicon.ico
WARNING 2025-03-04 17:10:37,464 basehttp 30008 18588 "GET /favicon.ico HTTP/1.1" 404 3714
INFO 2025-03-04 17:10:44,345 basehttp 30008 18588 "GET / HTTP/1.1" 200 17561
WARNING 2025-03-04 17:10:44,507 basehttp 30008 18588 "GET /static/images/hero-food.png HTTP/1.1" 404 1920
WARNING 2025-03-04 17:10:44,528 basehttp 30008 23688 "GET /static/images/customer1.jpg HTTP/1.1" 404 1920
WARNING 2025-03-04 17:10:44,532 basehttp 30008 18028 "GET /static/images/app-mockup.png HTTP/1.1" 404 1923
WARNING 2025-03-04 17:10:44,538 basehttp 30008 35492 "GET /static/images/customer3.jpg HTTP/1.1" 404 1920
WARNING 2025-03-04 17:10:44,545 basehttp 30008 21376 "GET /static/images/customer2.jpg HTTP/1.1" 404 1920
WARNING 2025-03-04 17:10:44,658 basehttp 30008 3800 "GET /static/images/hero-food.png HTTP/1.1" 404 1920
WARNING 2025-03-04 17:10:44,663 basehttp 30008 36792 "GET /static/images/app-mockup.png HTTP/1.1" 404 1923
WARNING 2025-03-04 17:10:44,667 basehttp 30008 10252 "GET /static/images/customer3.jpg HTTP/1.1" 404 1920
WARNING 2025-03-04 17:10:44,669 basehttp 30008 8056 "GET /static/images/customer1.jpg HTTP/1.1" 404 1920
WARNING 2025-03-04 17:10:44,669 basehttp 30008 27168 "GET /static/images/customer2.jpg HTTP/1.1" 404 1920
INFO 2025-03-04 17:11:03,235 basehttp 30008 15356 "GET /login/ HTTP/1.1" 200 7081
INFO 2025-03-04 17:11:14,477 basehttp 30008 15356 "POST /login/ HTTP/1.1" 302 0
INFO 2025-03-04 17:11:14,538 basehttp 30008 15356 "GET /restaurant/dashboard/ HTTP/1.1" 200 13408
INFO 2025-03-04 17:11:20,235 basehttp 30008 15356 "GET /restaurant/settings/ HTTP/1.1" 200 16849
INFO 2025-03-04 17:11:20,288 basehttp 30008 15356 "GET /media/restaurant_logos/download.png HTTP/1.1" 200 16883
INFO 2025-03-04 17:11:36,261 basehttp 30008 15356 "POST /restaurant/settings/ HTTP/1.1" 302 0
INFO 2025-03-04 17:11:36,349 basehttp 30008 15356 "GET /restaurant/dashboard/ HTTP/1.1" 200 13430
INFO 2025-03-04 17:11:45,513 basehttp 30008 15356 "GET /restaurant/menu/add/ HTTP/1.1" 200 11195
INFO 2025-03-04 17:11:56,257 basehttp 30008 15356 "GET / HTTP/1.1" 200 18874
INFO 2025-03-04 17:11:56,401 basehttp 30008 4804 "GET /media/restaurant_banners/istockphoto-2184330237-612x612.jpg HTTP/1.1" 200 26122
WARNING 2025-03-04 17:11:56,402 basehttp 30008 15356 "GET /static/images/hero-food.png HTTP/1.1" 404 1920
WARNING 2025-03-04 17:11:56,419 basehttp 30008 25460 "GET /static/images/customer2.jpg HTTP/1.1" 404 1920
WARNING 2025-03-04 17:11:56,426 basehttp 30008 3936 "GET /static/images/customer1.jpg HTTP/1.1" 404 1920
WARNING 2025-03-04 17:11:56,441 basehttp 30008 13072 "GET /static/images/app-mockup.png HTTP/1.1" 404 1923
WARNING 2025-03-04 17:11:56,450 basehttp 30008 4804 "GET /static/images/customer3.jpg HTTP/1.1" 404 1920
